# JRE version: Java(TM) SE Runtime Environment (17.0.2+8) (build 17.0.2+8-LTS-86)
# Java VM: Java HotSpot(TM) 64-Bit Server VM (17.0.2+8-LTS-86, mixed mode, sharing, tiered, compressed oops, compressed class ptrs, g1 gc, windows-amd64)
GC Precious Log:
 CPUs: 4 total, 4 available
 Memory: 5084M
 Large Page Support: Disabled
 NUMA Support: Disabled
 Compressed Oops: Enabled (32-bit)
 Heap Region Size: 1M
 Heap Min Capacity: 8M
 Heap Initial Capacity: 80M
 Heap Max Capacity: 1536M
 Pre-touch: Disabled
 Parallel Workers: 4
 Concurrent Workers: 1
 Concurrent Refinement Workers: 4
 Periodic GC: Disabled
Heap:
 garbage-first heap   total 126976K, used 85896K [0x00000000a0000000, 0x0000000100000000)
  region size 1024K, 18 young (18432K), 4 survivors (4096K)
 Metaspace       used 60135K, committed 60736K, reserved 1105920K
  class space    used 7937K, committed 8192K, reserved 1048576K
GC Heap History (20 events):
Event: 102.684 GC heap before
{Heap before GC invocations=26 (full 0):
 garbage-first heap   total 94208K, used 70510K [0x00000000a0000000, 0x0000000100000000)
  region size 1024K, 20 young (20480K), 3 survivors (3072K)
 Metaspace       used 52557K, committed 53056K, reserved 1097728K
  class space    used 6974K, committed 7232K, reserved 1048576K
}
Event: 102.697 GC heap after
{Heap after GC invocations=27 (full 0):
 garbage-first heap   total 94208K, used 55504K [0x00000000a0000000, 0x0000000100000000)
  region size 1024K, 2 young (2048K), 2 survivors (2048K)
 Metaspace       used 52557K, committed 53056K, reserved 1097728K
  class space    used 6974K, committed 7232K, reserved 1048576K
}
Event: 104.577 GC heap before
{Heap before GC invocations=27 (full 0):
 garbage-first heap   total 94208K, used 68816K [0x00000000a0000000, 0x0000000100000000)
  region size 1024K, 16 young (16384K), 2 survivors (2048K)
 Metaspace       used 53732K, committed 54208K, reserved 1097728K
  class space    used 7096K, committed 7360K, reserved 1048576K
}
Event: 104.584 GC heap after
{Heap after GC invocations=28 (full 0):
 garbage-first heap   total 94208K, used 56553K [0x00000000a0000000, 0x0000000100000000)
  region size 1024K, 3 young (3072K), 3 survivors (3072K)
 Metaspace       used 53732K, committed 54208K, reserved 1097728K
  class space    used 7096K, committed 7360K, reserved 1048576K
}
Event: 107.642 GC heap before
{Heap before GC invocations=29 (full 0):
 garbage-first heap   total 102400K, used 76009K [0x00000000a0000000, 0x0000000100000000)
  region size 1024K, 21 young (21504K), 3 survivors (3072K)
 Metaspace       used 55532K, committed 56064K, reserved 1097728K
  class space    used 7327K, committed 7552K, reserved 1048576K
}
Event: 107.650 GC heap after
{Heap after GC invocations=30 (full 0):
 garbage-first heap   total 102400K, used 57153K [0x00000000a0000000, 0x0000000100000000)
  region size 1024K, 2 young (2048K), 2 survivors (2048K)
 Metaspace       used 55532K, committed 56064K, reserved 1097728K
  class space    used 7327K, committed 7552K, reserved 1048576K
}
Event: 113.646 GC heap before
{Heap before GC invocations=30 (full 0):
 garbage-first heap   total 102400K, used 81729K [0x00000000a0000000, 0x0000000100000000)
  region size 1024K, 27 young (27648K), 2 survivors (2048K)
 Metaspace       used 57216K, committed 57728K, reserved 1105920K
  class space    used 7542K, committed 7808K, reserved 1048576K
}
Event: 113.656 GC heap after
{Heap after GC invocations=31 (full 0):
 garbage-first heap   total 102400K, used 58791K [0x00000000a0000000, 0x0000000100000000)
  region size 1024K, 4 young (4096K), 4 survivors (4096K)
 Metaspace       used 57216K, committed 57728K, reserved 1105920K
  class space    used 7542K, committed 7808K, reserved 1048576K
}
Event: 114.746 GC heap before
{Heap before GC invocations=32 (full 0):
 garbage-first heap   total 106496K, used 69031K [0x00000000a0000000, 0x0000000100000000)
  region size 1024K, 16 young (16384K), 4 survivors (4096K)
 Metaspace       used 57406K, committed 57856K, reserved 1105920K
  class space    used 7576K, committed 7808K, reserved 1048576K
}
Event: 114.756 GC heap after
{Heap after GC invocations=33 (full 0):
 garbage-first heap   total 106496K, used 60928K [0x00000000a0000000, 0x0000000100000000)
  region size 1024K, 4 young (4096K), 4 survivors (4096K)
 Metaspace       used 57406K, committed 57856K, reserved 1105920K
  class space    used 7576K, committed 7808K, reserved 1048576K
}
Event: 115.043 GC heap before
{Heap before GC invocations=34 (full 0):
 garbage-first heap   total 107520K, used 64000K [0x00000000a0000000, 0x0000000100000000)
  region size 1024K, 7 young (7168K), 4 survivors (4096K)
 Metaspace       used 57406K, committed 57856K, reserved 1105920K
  class space    used 7576K, committed 7808K, reserved 1048576K
}
Event: 115.051 GC heap after
{Heap after GC invocations=35 (full 0):
 garbage-first heap   total 107520K, used 62683K [0x00000000a0000000, 0x0000000100000000)
  region size 1024K, 3 young (3072K), 3 survivors (3072K)
 Metaspace       used 57406K, committed 57856K, reserved 1105920K
  class space    used 7576K, committed 7808K, reserved 1048576K
}
Event: 115.917 GC heap before
{Heap before GC invocations=36 (full 0):
 garbage-first heap   total 116736K, used 82139K [0x00000000a0000000, 0x0000000100000000)
  region size 1024K, 20 young (20480K), 3 survivors (3072K)
 Metaspace       used 57614K, committed 58176K, reserved 1105920K
  class space    used 7601K, committed 7872K, reserved 1048576K
}
Event: 115.927 GC heap after
{Heap after GC invocations=37 (full 0):
 garbage-first heap   total 116736K, used 67972K [0x00000000a0000000, 0x0000000100000000)
  region size 1024K, 3 young (3072K), 3 survivors (3072K)
 Metaspace       used 57614K, committed 58176K, reserved 1105920K
  class space    used 7601K, committed 7872K, reserved 1048576K
}
Event: 116.949 GC heap before
{Heap before GC invocations=37 (full 0):
 garbage-first heap   total 116736K, used 87428K [0x00000000a0000000, 0x0000000100000000)
  region size 1024K, 22 young (22528K), 3 survivors (3072K)
 Metaspace       used 57840K, committed 58368K, reserved 1105920K
  class space    used 7638K, committed 7872K, reserved 1048576K
}
Event: 116.957 GC heap after
{Heap after GC invocations=38 (full 0):
 garbage-first heap   total 116736K, used 69171K [0x00000000a0000000, 0x0000000100000000)
  region size 1024K, 2 young (2048K), 2 survivors (2048K)
 Metaspace       used 57840K, committed 58368K, reserved 1105920K
  class space    used 7638K, committed 7872K, reserved 1048576K
}
Event: 118.359 GC heap before
{Heap before GC invocations=39 (full 0):
 garbage-first heap   total 121856K, used 88627K [0x00000000a0000000, 0x0000000100000000)
  region size 1024K, 21 young (21504K), 2 survivors (2048K)
 Metaspace       used 57968K, committed 58560K, reserved 1105920K
  class space    used 7651K, committed 7936K, reserved 1048576K
}
Event: 118.366 GC heap after
{Heap after GC invocations=40 (full 0):
 garbage-first heap   total 121856K, used 70193K [0x00000000a0000000, 0x0000000100000000)
  region size 1024K, 3 young (3072K), 3 survivors (3072K)
 Metaspace       used 57968K, committed 58560K, reserved 1105920K
  class space    used 7651K, committed 7936K, reserved 1048576K
}
Event: 121.955 GC heap before
{Heap before GC invocations=40 (full 0):
 garbage-first heap   total 121856K, used 92721K [0x00000000a0000000, 0x0000000100000000)
  region size 1024K, 25 young (25600K), 3 survivors (3072K)
 Metaspace       used 58859K, committed 59456K, reserved 1105920K
  class space    used 7754K, committed 8000K, reserved 1048576K
}
Event: 121.966 GC heap after
{Heap after GC invocations=41 (full 0):
 garbage-first heap   total 121856K, used 72584K [0x00000000a0000000, 0x0000000100000000)
  region size 1024K, 4 young (4096K), 4 survivors (4096K)
 Metaspace       used 58859K, committed 59456K, reserved 1105920K
  class space    used 7754K, committed 8000K, reserved 1048576K
}

